1628376647503	geckodriver	INFO	Listening on 127.0.0.1:12445
1628376650494	mozrunner::runner	INFO	Running command: "C:\\Program Files\\Mozilla Firefox\\firefox.exe" "--marionette" "-foreground" "-no-remote" "-profile" "C:\\Users\\mithl\\AppData\\Local\\Temp\\rust_mozprofilei6Nya6"
1628376652794	Marionette	INFO	Marionette enabled
console.warn: SearchSettings: "get: No settings file exists, new profile?" (new NotFoundError("Could not open the file at C:\\Users\\mithl\\AppData\\Local\\Temp\\rust_mozprofilei6Nya6\\search.json.mozlz4", (void 0)))
1628376664079	Marionette	INFO	Listening on port 9258
1628376664514	Marionette	WARN	TLS certificate errors will be ignored for this session
1628376676018	Marionette	INFO	Stopped listening on port 9258

###!!! [Child][RunMessage] Error: Channel closing: too late to send/recv, messages will be lost


###!!! [Child][RunMessage] Error: Channel closing: too late to send/recv, messages will be lost


###!!! [Child][RunMessage] Error: Channel closing: too late to send/recv, messages will be lost


###!!! [Parent][MessageChannel] Error: (msgtype=0x390079,name=PContent::Msg_DestroyBrowsingContextGroup) Closed channel: cannot send/recv


###!!! [Child][RunMessage] Error: Channel closing: too late to send/recv, messages will be lost

1628376797425	geckodriver	INFO	Listening on 127.0.0.1:5598
1628376800441	mozrunner::runner	INFO	Running command: "C:\\Program Files\\Mozilla Firefox\\firefox.exe" "--marionette" "-foreground" "-no-remote" "-profile" "C:\\Users\\mithl\\AppData\\Local\\Temp\\rust_mozprofileAxLmA6"
1628376802619	Marionette	INFO	Marionette enabled
console.warn: SearchSettings: "get: No settings file exists, new profile?" (new NotFoundError("Could not open the file at C:\\Users\\mithl\\AppData\\Local\\Temp\\rust_mozprofileAxLmA6\\search.json.mozlz4", (void 0)))
1628376808402	Marionette	INFO	Listening on port 2722
1628376808847	Marionette	WARN	TLS certificate errors will be ignored for this session
1628376814196	Marionette	INFO	Stopped listening on port 2722

###!!! [Parent][MessageChannel] Error: (msgtype=0x390079,name=PContent::Msg_DestroyBrowsingContextGroup) Closed channel: cannot send/recv

1628404962873	geckodriver	INFO	Listening on 127.0.0.1:14841
1628404966036	mozrunner::runner	INFO	Running command: "C:\\Program Files\\Mozilla Firefox\\firefox.exe" "--marionette" "-foreground" "-no-remote" "-profile" "C:\\Users\\mithl\\AppData\\Local\\Temp\\rust_mozprofileVP6Xn7"
1628404975563	Marionette	INFO	Marionette enabled
console.warn: SearchSettings: "get: No settings file exists, new profile?" (new NotFoundError("Could not open the file at C:\\Users\\mithl\\AppData\\Local\\Temp\\rust_mozprofileVP6Xn7\\search.json.mozlz4", (void 0)))
1628404995999	Marionette	INFO	Listening on port 7325
1628404996641	Marionette	WARN	TLS certificate errors will be ignored for this session

###!!! [Child][RunMessage] Error: Channel closing: too late to send/recv, messages will be lost

1628405031421	Marionette	INFO	Stopped listening on port 7325
"--marionette" "-foreground" "-no-remote" "-profile" "C:\\Users\\mithl\\AppData\\Local\\Temp\\rust_mozprofileIkfE41"
1628405017161	Marionette	INFO	Marionette enabled
console.warn: SearchSettings: "get: No settings file exists, new profile?" (new NotFoundError("Could not open the file at C:\\Users\\mithl\\AppData\\Local\\Temp\\rust_mozprofileIkfE41\\search.json.mozlz4", (void 0)))
1628405022816	Marionette	INFO	Listening on port 7397
1628405023821	Marionette	WARN	TLS certificate errors will be ignored for this session
JavaScript error: chrome://marionette/content/driver.js, line 2245: NS_ERROR_ILLEGAL_VALUE: Component returned failure code: 0x80070057 (NS_ERROR_ILLEGAL_VALUE) [nsIObserverService.removeObserver]
[Parent 11348, IPC I/O Parent] WARNING: file /builds/worker/checkouts/gecko/ipc/chromium/src/base/process_util_win.cc:167
JavaScript error: resource://gre/modules/Sqlite.jsm, line 1170: TypeError: connection not specified in clone options.
JavaScript error: resource://gre/modules/Sqlite.jsm, line 1170: TypeError: connection not specified in clone options.
JavaScript error: chrome://marionette/content/driver.js, line 2245: NS_ERROR_ILLEGAL_VALUE: Component returned failure code: 0x80070057 (NS_ERROR_ILLEGAL_VALUE) [nsIObserverService.removeObserver]
1628405025601	Marionette	INFO	Stopped listening on port 7397
1628405124111	geckodriver	INFO	Listening on 127.0.0.1:3395
1628405127155	mozrunner::runner	INFO	Running command: "C:\\Program Files\\Mozilla Firefox\\firefox.exe" "--marionette" "-foreground" "-no-remote" "-profile" "C:\\Users\\mithl\\AppData\\Local\\Temp\\rust_mozprofilebD5NOa"
1628405127983	Marionette	INFO	Marionette enabled
console.warn: SearchSettings: "get: No settings file exists, new profile?" (new NotFoundError("Could not open the file at C:\\Users\\mithl\\AppData\\Local\\Temp\\rust_mozprofilebD5NOa\\search.json.mozlz4", (void 0)))
1628405133304	Marionette	INFO	Listening on port 3403
1628405133839	Marionette	WARN	TLS certificate errors will be ignored for this session
1628405142450	Marionette	INFO	Stopped listening on port 3403
1628405154197	geckodriver	INFO	Listening on 127.0.0.1:3452
1628405157245	mozrunner::runner	INFO	Running command: "C:\\Program Files\\Mozilla Firefox\\firefox.exe" "--marionette" "-foreground" "-no-remote" "-profile" "C:\\Users\\mithl\\AppData\\Local\\Temp\\rust_mozprofilePh7nBW"
1628405158739	Marionette	INFO	Marionette enabled
console.warn: SearchSettings: "get: No settings file exists, new profile?" (new NotFoundError("Could not open the file at C:\\Users\\mithl\\AppData\\Local\\Temp\\rust_mozprofilePh7nBW\\search.json.mozlz4", (void 0)))
1628405163919	Marionette	INFO	Listening on port 3460
1628405164389	Marionette	WARN	TLS certificate errors will be ignored for this session
1628405171880	Marionette	INFO	Stopped listening on port 3460

###!!! [Child][MessageChannel] Error: (msgtype=0x520027,name=PGPU::Msg_AccumulateChildHistograms) Channel closing: too late to send/recv, messages will be lost


###!!! [Child][MessageChannel] Error: (msgtype=0x520028,name=PGPU::Msg_AccumulateChildKeyedHistograms) Channel closing: too late to send/recv, messages will be lost


###!!! [Child][MessageChannel] Error: (msgtype=0x52002C,name=PGPU::Msg_RecordDiscardedData) Channel closing: too late to send/recv, messages will be lost

1628405187082	geckodriver	INFO	Listening on 127.0.0.1:3509
1628405190134	mozrunner::runner	INFO	Running command: "C:\\Program Files\\Mozilla Firefox\\firefox.exe" "--marionette" "-foreground" "-no-remote" "-profile" "C:\\Users\\mithl\\AppData\\Local\\Temp\\rust_mozprofilerNjJ1G"
1628405190947	Marionette	INFO	Marionette enabled
console.warn: SearchSettings: "get: No settings file exists, new profile?" (new NotFoundError("Could not open the file at C:\\Users\\mithl\\AppData\\Local\\Temp\\rust_mozprofilerNjJ1G\\search.json.mozlz4", (void 0)))
1628405195824	Marionette	INFO	Listening on port 3519
1628405196820	Marionette	WARN	TLS certificate errors will be ignored for this session
JavaScript error: chrome://marionette/content/driver.js, line 2245: NS_ERROR_ILLEGAL_VALUE: Component returned failure code: 0x80070057 (NS_ERROR_ILLEGAL_VALUE) [nsIObserverService.removeObserver]
console.warn: SearchService: "_init: abandoning init due to shutting down"
JavaScript error: resource://gre/modules/AsyncShutdown.jsm, line 575: uncaught exception: 2147500036
JavaScript error: resource://gre/modules/AsyncShutdown.jsm, line 575: uncaught exception: 2147500036
JavaScript error: resource://gre/modules/AsyncShutdown.jsm, line 575: uncaught exception: 2147500036
JavaScript error: resource://gre/modules/AsyncShutdown.jsm, line 575: uncaught exception: 2147500036
JavaScript error: resource://gre/modules/AsyncShutdown.jsm, line 575: uncaught exception: 2147500036
JavaScript error: resource://gre/modules/AsyncShutdown.jsm, line 575: uncaught exception: 2147500036

###!!! [Parent][MessageChannel] Error: (msgtype=0x390079,name=PContent::Msg_DestroyBrowsingContextGroup) Closed channel: cannot send/recv

JavaScript error: chrome://marionette/content/driver.js, line 2245: NS_ERROR_ILLEGAL_VALUE: Component returned failure code: 0x80070057 (NS_ERROR_ILLEGAL_VALUE) [nsIObserverService.removeObserver]
1628405198507	Marionette	INFO	Stopped listening on port 3519
JavaScript error: resource:///modules/EveryWindow.jsm, line 37: NS_ERROR_UNEXPECTED: Component returned failure code: 0x8000ffff (NS_ERROR_UNEXPECTED) [nsIWindowMediator.getEnumerator]
JavaScript error: resource://gre/modules/CrashManager.jsm, line 829: AbortError: IOUtils: Shutting down and refusing additional I/O tasks
1628406951567	geckodriver	INFO	Listening on 127.0.0.1:14562
1628406954614	mozrunner::runner	INFO	Running command: "C:\\Program Files\\Mozilla Firefox\\firefox.exe" "--marionette" "-foreground" "-no-remote" "-profile" "C:\\Users\\mithl\\AppData\\Local\\Temp\\rust_mozprofileTIjLLe"
1628406955113	Marionette	INFO	Marionette enabled
console.warn: SearchSettings: "get: No settings file exists, new profile?" (new NotFoundError("Could not open the file at C:\\Users\\mithl\\AppData\\Local\\Temp\\rust_mozprofileTIjLLe\\search.json.mozlz4", (void 0)))
1628406960520	Marionette	INFO	Listening on port 5954
1628406960987	Marionette	WARN	TLS certificate errors will be ignored for this session
JavaScript error: resource://gre/modules/UrlClassifierListManager.jsm, line 691: TypeError: this.tablesData[table] is undefined
1628406964509	Marionette	INFO	Stopped listening on port 5954
1628407120361	geckodriver	INFO	Listening on 127.0.0.1:5669
1628407123410	mozrunner::runner	INFO	Running command: "C:\\Program Files\\Mozilla Firefox\\firefox.exe" "--marionette" "-foreground" "-no-remote" "-profile" "C:\\Users\\mithl\\AppData\\Local\\Temp\\rust_mozprofileyqdF6R"
1628407124250	Marionette	INFO	Marionette enabled
console.warn: SearchSettings: "get: No settings file exists, new profile?" (new NotFoundError("Could not open the file at C:\\Users\\mithl\\AppData\\Local\\Temp\\rust_mozprofileyqdF6R\\search.json.mozlz4", (void 0)))
1628407129395	Marionette	INFO	Listening on port 7738
1628407129930	Marionette	WARN	TLS certificate errors will be ignored for this session
1628407143257	Marionette	INFO	Stopped listening on port 7738
1628455660186	geckodriver	INFO	Listening on 127.0.0.1:14701
1628455663174	mozrunner::runner	INFO	Running command: "C:\\Program Files\\Mozilla Firefox\\firefox.exe" "--marionette" "-foreground" "-no-remote" "-profile" "C:\\Users\\mithl\\AppData\\Local\\Temp\\rust_mozprofilezcJdtw"
1628455665356	Marionette	INFO	Marionette enabled
console.warn: SearchSettings: "get: No settings file exists, new profile?" (new NotFoundError("Could not open the file at C:\\Users\\mithl\\AppData\\Local\\Temp\\rust_mozprofilezcJdtw\\search.json.mozlz4", (void 0)))
1628455673658	Marionette	INFO	Listening on port 13553
1628455674794	Marionette	WARN	TLS certificate errors will be ignored for this session
1628455680104	Marionette	INFO	Stopped listening on port 13553

###!!! [Parent][MessageChannel] Error: (msgtype=0x390079,name=PContent::Msg_DestroyBrowsingContextGroup) Closed channel: cannot send/recv

1628457233660	geckodriver	INFO	Listening on 127.0.0.1:1772
1628457236690	mozrunner::runner	INFO	Running command: "C:\\Program Files\\Mozilla Firefox\\firefox.exe" "--marionette" "-foreground" "-no-remote" "-profile" "C:\\Users\\mithl\\AppData\\Local\\Temp\\rust_mozprofilelps1Tm"
1628457237601	Marionette	INFO	Marionette enabled
console.warn: SearchSettings: "get: No settings file exists, new profile?" (new NotFoundError("Could not open the file at C:\\Users\\mithl\\AppData\\Local\\Temp\\rust_mozprofilelps1Tm\\search.json.mozlz4", (void 0)))
1628457242522	Marionette	INFO	Listening on port 2412
1628457243028	Marionette	WARN	TLS certificate errors will be ignored for this session

###!!! [Child][MessageChannel] Error: (msgtype=0x590004,name=PHttpChannel::Msg_Cancel) Channel closing: too late to send/recv, messages will be lost


###!!! [Child][MessageChannel] Error: (msgtype=0x590008,name=PHttpChannel::Msg_DeletingChannel) Channel closing: too late to send/recv, messages will be lost

1628457317501	Marionette	INFO	Stopped listening on port 2412
